<?xml version="1.0" encoding="UTF-8"?>
<!-- Generated by org.testng.reporters.JUnitReportReporter -->
<testsuite hostname="DESKTOP-2KV8AU7" failures="0" tests="1" name="testpkg.TestClassHB" time="24.836" errors="0" timestamp="2024-01-21T19:39:33 IST" skipped="0">
  <testcase classname="testpkg.TestClassHB" name="login" time="24.836"/>
  <system-out/>
</testsuite> <!-- testpkg.TestClassHB -->
